<?xml version="1.0" encoding="UTF-8"?>
<coverage generated="1773320690465" clover="3.2.0">
  <project timestamp="1773320690465" name="All files">
    <metrics statements="126" coveredstatements="115" conditionals="82" coveredconditionals="58" methods="19" coveredmethods="16" elements="227" coveredelements="189" complexity="0" loc="126" ncloc="126" packages="1" files="1" classes="1"/>
    <file name="webgl-layer-framework.ts" path="/Users/azgaar/Fantasy-Map-Generator/src/modules/webgl-layer-framework.ts">
      <metrics statements="126" coveredstatements="115" conditionals="82" coveredconditionals="58" methods="19" coveredmethods="16"/>
      <line num="27" count="11" type="stmt"/>
      <line num="41" count="8" type="cond" truecount="2" falsecount="0"/>
      <line num="42" count="8" type="stmt"/>
      <line num="43" count="8" type="cond" truecount="2" falsecount="0"/>
      <line num="44" count="6" type="stmt"/>
      <line num="45" count="6" type="stmt"/>
      <line num="46" count="8" type="stmt"/>
      <line num="60" count="4" type="cond" truecount="2" falsecount="0"/>
      <line num="61" count="3" type="stmt"/>
      <line num="62" count="3" type="cond" truecount="1" falsecount="1"/>
      <line num="63" count="0" type="cond" truecount="0" falsecount="2"/>
      <line num="64" count="4" type="stmt"/>
      <line num="66" count="4" type="cond" truecount="0" falsecount="2"/>
      <line num="89" count="26" type="stmt"/>
      <line num="90" count="26" type="stmt"/>
      <line num="91" count="26" type="stmt"/>
      <line num="92" count="26" type="stmt"/>
      <line num="93" count="26" type="stmt"/>
      <line num="94" count="26" type="stmt"/>
      <line num="95" count="26" type="stmt"/>
      <line num="96" count="26" type="stmt"/>
      <line num="97" count="26" type="stmt"/>
      <line num="102" count="26" type="stmt"/>
      <line num="105" count="2" type="stmt"/>
      <line num="111" count="5" type="stmt"/>
      <line num="112" count="5" type="cond" truecount="2" falsecount="0"/>
      <line num="114" count="4" type="stmt"/>
      <line num="115" count="4" type="cond" truecount="2" falsecount="0"/>
      <line num="116" count="1" type="stmt"/>
      <line num="119" count="1" type="stmt"/>
      <line num="123" count="3" type="stmt"/>
      <line num="124" count="3" type="stmt"/>
      <line num="125" count="3" type="stmt"/>
      <line num="126" count="3" type="stmt"/>
      <line num="127" count="3" type="stmt"/>
      <line num="128" count="3" type="stmt"/>
      <line num="131" count="3" type="stmt"/>
      <line num="132" count="3" type="stmt"/>
      <line num="133" count="3" type="stmt"/>
      <line num="134" count="3" type="stmt"/>
      <line num="135" count="3" type="stmt"/>
      <line num="136" count="3" type="stmt"/>
      <line num="137" count="3" type="stmt"/>
      <line num="138" count="3" type="cond" truecount="1" falsecount="1"/>
      <line num="139" count="5" type="cond" truecount="1" falsecount="1"/>
      <line num="140" count="5" type="stmt"/>
      <line num="141" count="5" type="stmt"/>
      <line num="144" count="5" type="stmt"/>
      <line num="149" count="5" type="stmt"/>
      <line num="150" count="5" type="stmt"/>
      <line num="151" count="5" type="stmt"/>
      <line num="160" count="5" type="stmt"/>
      <line num="163" count="5" type="stmt"/>
      <line num="164" count="1" type="stmt"/>
      <line num="165" count="1" type="stmt"/>
      <line num="166" count="1" type="stmt"/>
      <line num="167" count="1" type="stmt"/>
      <line num="168" count="1" type="stmt"/>
      <line num="170" count="3" type="stmt"/>
      <line num="172" count="3" type="stmt"/>
      <line num="174" count="3" type="stmt"/>
      <line num="178" count="4" type="cond" truecount="1" falsecount="1"/>
      <line num="180" count="4" type="stmt"/>
      <line num="181" count="4" type="stmt"/>
      <line num="184" count="0" type="stmt"/>
      <line num="185" count="0" type="stmt"/>
      <line num="186" count="0" type="stmt"/>
      <line num="187" count="0" type="stmt"/>
      <line num="188" count="0" type="stmt"/>
      <line num="192" count="2" type="cond" truecount="1" falsecount="1"/>
      <line num="193" count="2" type="stmt"/>
      <line num="194" count="2" type="cond" truecount="3" falsecount="1"/>
      <line num="195" count="2" type="stmt"/>
      <line num="196" count="2" type="stmt"/>
      <line num="197" count="2" type="stmt"/>
      <line num="198" count="2" type="stmt"/>
      <line num="199" count="2" type="stmt"/>
      <line num="200" count="2" type="cond" truecount="3" falsecount="1"/>
      <line num="204" count="4" type="cond" truecount="1" falsecount="1"/>
      <line num="205" count="4" type="stmt"/>
      <line num="206" count="4" type="cond" truecount="1" falsecount="1"/>
      <line num="207" count="4" type="stmt"/>
      <line num="208" count="5" type="stmt"/>
      <line num="209" count="4" type="cond" truecount="3" falsecount="1"/>
      <line num="210" count="4" type="cond" truecount="2" falsecount="0"/>
      <line num="214" count="3" type="cond" truecount="1" falsecount="1"/>
      <line num="215" count="3" type="stmt"/>
      <line num="216" count="3" type="cond" truecount="1" falsecount="1"/>
      <line num="217" count="3" type="stmt"/>
      <line num="221" count="10" type="cond" truecount="1" falsecount="1"/>
      <line num="222" count="10" type="cond" truecount="2" falsecount="0"/>
      <line num="223" count="6" type="stmt"/>
      <line num="224" count="3" type="stmt"/>
      <line num="225" count="3" type="stmt"/>
      <line num="230" count="3" type="cond" truecount="3" falsecount="1"/>
      <line num="231" count="3" type="stmt"/>
      <line num="232" count="3" type="cond" truecount="2" falsecount="0"/>
      <line num="233" count="3" type="cond" truecount="2" falsecount="0"/>
      <line num="234" count="3" type="cond" truecount="2" falsecount="0"/>
      <line num="235" count="3" type="cond" truecount="2" falsecount="0"/>
      <line num="236" count="3" type="cond" truecount="2" falsecount="0"/>
      <line num="237" count="3" type="stmt"/>
      <line num="244" count="3" type="stmt"/>
      <line num="245" count="3" type="stmt"/>
      <line num="246" count="3" type="stmt"/>
      <line num="247" count="3" type="stmt"/>
      <line num="248" count="3" type="stmt"/>
      <line num="255" count="3" type="cond" truecount="1" falsecount="1"/>
      <line num="256" count="0" type="stmt"/>
      <line num="260" count="3" type="cond" truecount="3" falsecount="1"/>
      <line num="261" count="3" type="stmt"/>
      <line num="262" count="0" type="stmt"/>
      <line num="263" count="0" type="cond" truecount="0" falsecount="4"/>
      <line num="264" count="0" type="stmt"/>
      <line num="265" count="0" type="stmt"/>
      <line num="268" count="3" type="stmt"/>
      <line num="272" count="3" type="cond" truecount="6" falsecount="0"/>
      <line num="273" count="2" type="stmt"/>
      <line num="274" count="2" type="stmt"/>
      <line num="275" count="2" type="stmt"/>
      <line num="276" count="2" type="stmt"/>
      <line num="277" count="2" type="stmt"/>
      <line num="278" count="2" type="cond" truecount="2" falsecount="0"/>
      <line num="279" count="1" type="stmt"/>
      <line num="282" count="2" type="stmt"/>
      <line num="292" count="1" type="stmt"/>
    </file>
  </project>
</coverage>
