<?xml version="1.0" encoding="UTF-8"?>
<coverage generated="1773323271919" clover="3.2.0">
  <project timestamp="1773323271919" name="All files">
    <metrics statements="126" coveredstatements="115" conditionals="82" coveredconditionals="63" methods="19" coveredmethods="16" elements="227" coveredelements="194" complexity="0" loc="126" ncloc="126" packages="1" files="1" classes="1"/>
    <file name="webgl-layer-framework.ts" path="/Users/azgaar/Fantasy-Map-Generator/src/modules/webgl-layer-framework.ts">
      <metrics statements="126" coveredstatements="115" conditionals="82" coveredconditionals="63" methods="19" coveredmethods="16"/>
      <line num="25" count="11" type="stmt"/>
      <line num="39" count="8" type="cond" truecount="2" falsecount="0"/>
      <line num="40" count="8" type="stmt"/>
      <line num="41" count="8" type="cond" truecount="2" falsecount="0"/>
      <line num="42" count="6" type="stmt"/>
      <line num="43" count="6" type="stmt"/>
      <line num="44" count="8" type="stmt"/>
      <line num="58" count="4" type="cond" truecount="2" falsecount="0"/>
      <line num="59" count="3" type="stmt"/>
      <line num="60" count="3" type="cond" truecount="1" falsecount="1"/>
      <line num="61" count="0" type="cond" truecount="0" falsecount="2"/>
      <line num="62" count="4" type="stmt"/>
      <line num="64" count="4" type="cond" truecount="0" falsecount="2"/>
      <line num="85" count="35" type="stmt"/>
      <line num="86" count="35" type="stmt"/>
      <line num="87" count="35" type="stmt"/>
      <line num="88" count="35" type="stmt"/>
      <line num="89" count="35" type="stmt"/>
      <line num="90" count="35" type="stmt"/>
      <line num="91" count="35" type="stmt"/>
      <line num="92" count="35" type="stmt"/>
      <line num="93" count="35" type="stmt"/>
      <line num="94" count="35" type="stmt"/>
      <line num="97" count="3" type="stmt"/>
      <line num="101" count="5" type="stmt"/>
      <line num="102" count="5" type="cond" truecount="2" falsecount="0"/>
      <line num="104" count="4" type="stmt"/>
      <line num="105" count="4" type="cond" truecount="2" falsecount="0"/>
      <line num="106" count="1" type="stmt"/>
      <line num="109" count="1" type="stmt"/>
      <line num="113" count="3" type="stmt"/>
      <line num="114" count="3" type="stmt"/>
      <line num="115" count="3" type="stmt"/>
      <line num="116" count="3" type="stmt"/>
      <line num="117" count="3" type="stmt"/>
      <line num="118" count="3" type="stmt"/>
      <line num="121" count="3" type="stmt"/>
      <line num="122" count="3" type="stmt"/>
      <line num="123" count="3" type="stmt"/>
      <line num="124" count="3" type="stmt"/>
      <line num="125" count="3" type="stmt"/>
      <line num="126" count="3" type="stmt"/>
      <line num="127" count="3" type="stmt"/>
      <line num="128" count="3" type="cond" truecount="1" falsecount="1"/>
      <line num="129" count="5" type="cond" truecount="1" falsecount="1"/>
      <line num="130" count="5" type="stmt"/>
      <line num="131" count="5" type="stmt"/>
      <line num="134" count="5" type="stmt"/>
      <line num="139" count="5" type="stmt"/>
      <line num="140" count="5" type="stmt"/>
      <line num="141" count="5" type="stmt"/>
      <line num="150" count="5" type="stmt"/>
      <line num="153" count="5" type="stmt"/>
      <line num="154" count="1" type="stmt"/>
      <line num="155" count="1" type="stmt"/>
      <line num="156" count="1" type="stmt"/>
      <line num="157" count="1" type="stmt"/>
      <line num="158" count="1" type="stmt"/>
      <line num="160" count="3" type="stmt"/>
      <line num="161" count="3" type="stmt"/>
      <line num="163" count="3" type="stmt"/>
      <line num="167" count="6" type="cond" truecount="1" falsecount="1"/>
      <line num="169" count="6" type="stmt"/>
      <line num="170" count="6" type="stmt"/>
      <line num="173" count="0" type="stmt"/>
      <line num="174" count="0" type="stmt"/>
      <line num="175" count="0" type="stmt"/>
      <line num="176" count="0" type="stmt"/>
      <line num="177" count="0" type="stmt"/>
      <line num="181" count="4" type="cond" truecount="2" falsecount="0"/>
      <line num="182" count="2" type="stmt"/>
      <line num="183" count="2" type="cond" truecount="3" falsecount="1"/>
      <line num="184" count="2" type="stmt"/>
      <line num="185" count="2" type="stmt"/>
      <line num="186" count="2" type="stmt"/>
      <line num="187" count="2" type="stmt"/>
      <line num="188" count="2" type="stmt"/>
      <line num="189" count="2" type="cond" truecount="3" falsecount="1"/>
      <line num="193" count="7" type="cond" truecount="2" falsecount="0"/>
      <line num="194" count="4" type="stmt"/>
      <line num="195" count="4" type="cond" truecount="1" falsecount="1"/>
      <line num="196" count="4" type="stmt"/>
      <line num="197" count="5" type="stmt"/>
      <line num="198" count="4" type="cond" truecount="3" falsecount="1"/>
      <line num="199" count="4" type="cond" truecount="2" falsecount="0"/>
      <line num="203" count="5" type="cond" truecount="2" falsecount="0"/>
      <line num="204" count="3" type="stmt"/>
      <line num="205" count="3" type="cond" truecount="1" falsecount="1"/>
      <line num="206" count="3" type="stmt"/>
      <line num="210" count="12" type="cond" truecount="2" falsecount="0"/>
      <line num="211" count="10" type="cond" truecount="2" falsecount="0"/>
      <line num="212" count="6" type="stmt"/>
      <line num="213" count="3" type="stmt"/>
      <line num="214" count="3" type="stmt"/>
      <line num="219" count="5" type="cond" truecount="4" falsecount="0"/>
      <line num="220" count="3" type="stmt"/>
      <line num="221" count="3" type="cond" truecount="2" falsecount="0"/>
      <line num="222" count="5" type="cond" truecount="2" falsecount="0"/>
      <line num="223" count="5" type="cond" truecount="2" falsecount="0"/>
      <line num="224" count="5" type="cond" truecount="2" falsecount="0"/>
      <line num="225" count="5" type="cond" truecount="2" falsecount="0"/>
      <line num="226" count="5" type="stmt"/>
      <line num="233" count="5" type="stmt"/>
      <line num="234" count="5" type="stmt"/>
      <line num="235" count="5" type="stmt"/>
      <line num="236" count="5" type="stmt"/>
      <line num="237" count="5" type="stmt"/>
      <line num="242" count="3" type="cond" truecount="1" falsecount="1"/>
      <line num="243" count="0" type="stmt"/>
      <line num="247" count="3" type="cond" truecount="3" falsecount="1"/>
      <line num="248" count="3" type="stmt"/>
      <line num="249" count="0" type="stmt"/>
      <line num="250" count="0" type="cond" truecount="0" falsecount="4"/>
      <line num="251" count="0" type="stmt"/>
      <line num="252" count="0" type="stmt"/>
      <line num="255" count="3" type="stmt"/>
      <line num="259" count="3" type="cond" truecount="6" falsecount="0"/>
      <line num="260" count="2" type="stmt"/>
      <line num="261" count="2" type="stmt"/>
      <line num="262" count="2" type="stmt"/>
      <line num="263" count="2" type="stmt"/>
      <line num="264" count="2" type="stmt"/>
      <line num="265" count="2" type="cond" truecount="2" falsecount="0"/>
      <line num="266" count="1" type="stmt"/>
      <line num="269" count="2" type="stmt"/>
      <line num="276" count="1" type="stmt"/>
    </file>
  </project>
</coverage>
