{"/Users/azgaar/Fantasy-Map-Generator/src/modules/webgl-layer-framework.ts": {"path":"/Users/azgaar/Fantasy-Map-Generator/src/modules/webgl-layer-framework.ts","statementMap":{"0":{"start":{"line":27,"column":2},"end":{"line":32,"column":null}},"1":{"start":{"line":41,"column":17},"end":{"line":41,"column":null}},"2":{"start":{"line":42,"column":14},"end":{"line":42,"column":null}},"3":{"start":{"line":43,"column":2},"end":{"line":43,"column":null}},"4":{"start":{"line":43,"column":12},"end":{"line":43,"column":null}},"5":{"start":{"line":44,"column":14},"end":{"line":44,"column":null}},"6":{"start":{"line":45,"column":2},"end":{"line":45,"column":null}},"7":{"start":{"line":46,"column":2},"end":{"line":46,"column":null}},"8":{"start":{"line":60,"column":2},"end":{"line":60,"column":null}},"9":{"start":{"line":60,"column":39},"end":{"line":60,"column":null}},"10":{"start":{"line":61,"column":17},"end":{"line":61,"column":null}},"11":{"start":{"line":62,"column":2},"end":{"line":62,"column":null}},"12":{"start":{"line":62,"column":15},"end":{"line":62,"column":null}},"13":{"start":{"line":63,"column":19},"end":{"line":63,"column":null}},"14":{"start":{"line":64,"column":14},"end":{"line":64,"column":null}},"15":{"start":{"line":66,"column":2},"end":{"line":66,"column":null}},"16":{"start":{"line":89,"column":45},"end":{"line":89,"column":null}},"17":{"start":{"line":90,"column":43},"end":{"line":90,"column":null}},"18":{"start":{"line":91,"column":46},"end":{"line":91,"column":null}},"19":{"start":{"line":92,"column":32},"end":{"line":92,"column":null}},"20":{"start":{"line":93,"column":49},"end":{"line":93,"column":null}},"21":{"start":{"line":94,"column":47},"end":{"line":94,"column":null}},"22":{"start":{"line":95,"column":50},"end":{"line":95,"column":null}},"23":{"start":{"line":96,"column":33},"end":{"line":96,"column":null}},"24":{"start":{"line":97,"column":42},"end":{"line":97,"column":null}},"25":{"start":{"line":102,"column":22},"end":{"line":102,"column":null}},"26":{"start":{"line":105,"column":4},"end":{"line":105,"column":null}},"27":{"start":{"line":111,"column":4},"end":{"line":111,"column":null}},"28":{"start":{"line":112,"column":4},"end":{"line":112,"column":null}},"29":{"start":{"line":112,"column":24},"end":{"line":112,"column":null}},"30":{"start":{"line":114,"column":18},"end":{"line":114,"column":null}},"31":{"start":{"line":115,"column":4},"end":{"line":120,"column":null}},"32":{"start":{"line":116,"column":6},"end":{"line":118,"column":null}},"33":{"start":{"line":119,"column":6},"end":{"line":119,"column":null}},"34":{"start":{"line":123,"column":22},"end":{"line":123,"column":null}},"35":{"start":{"line":124,"column":4},"end":{"line":124,"column":null}},"36":{"start":{"line":125,"column":4},"end":{"line":125,"column":null}},"37":{"start":{"line":126,"column":4},"end":{"line":126,"column":null}},"38":{"start":{"line":127,"column":4},"end":{"line":127,"column":null}},"39":{"start":{"line":128,"column":4},"end":{"line":128,"column":null}},"40":{"start":{"line":131,"column":19},"end":{"line":131,"column":null}},"41":{"start":{"line":132,"column":4},"end":{"line":132,"column":null}},"42":{"start":{"line":133,"column":4},"end":{"line":133,"column":null}},"43":{"start":{"line":134,"column":4},"end":{"line":134,"column":null}},"44":{"start":{"line":135,"column":4},"end":{"line":135,"column":null}},"45":{"start":{"line":136,"column":4},"end":{"line":136,"column":null}},"46":{"start":{"line":137,"column":4},"end":{"line":137,"column":null}},"47":{"start":{"line":138,"column":4},"end":{"line":138,"column":null}},"48":{"start":{"line":139,"column":4},"end":{"line":139,"column":null}},"49":{"start":{"line":140,"column":4},"end":{"line":140,"column":null}},"50":{"start":{"line":141,"column":4},"end":{"line":141,"column":null}},"51":{"start":{"line":144,"column":4},"end":{"line":148,"column":null}},"52":{"start":{"line":149,"column":4},"end":{"line":149,"column":null}},"53":{"start":{"line":150,"column":4},"end":{"line":150,"column":null}},"54":{"start":{"line":151,"column":4},"end":{"line":158,"column":null}},"55":{"start":{"line":160,"column":4},"end":{"line":160,"column":null}},"56":{"start":{"line":163,"column":4},"end":{"line":169,"column":null}},"57":{"start":{"line":164,"column":20},"end":{"line":164,"column":null}},"58":{"start":{"line":165,"column":6},"end":{"line":165,"column":null}},"59":{"start":{"line":166,"column":6},"end":{"line":166,"column":null}},"60":{"start":{"line":167,"column":6},"end":{"line":167,"column":null}},"61":{"start":{"line":168,"column":6},"end":{"line":168,"column":null}},"62":{"start":{"line":170,"column":4},"end":{"line":170,"column":null}},"63":{"start":{"line":172,"column":4},"end":{"line":172,"column":null}},"64":{"start":{"line":174,"column":4},"end":{"line":174,"column":null}},"65":{"start":{"line":178,"column":4},"end":{"line":182,"column":null}},"66":{"start":{"line":180,"column":6},"end":{"line":180,"column":null}},"67":{"start":{"line":181,"column":6},"end":{"line":181,"column":null}},"68":{"start":{"line":184,"column":18},"end":{"line":184,"column":null}},"69":{"start":{"line":185,"column":4},"end":{"line":185,"column":null}},"70":{"start":{"line":186,"column":4},"end":{"line":186,"column":null}},"71":{"start":{"line":187,"column":4},"end":{"line":187,"column":null}},"72":{"start":{"line":188,"column":4},"end":{"line":188,"column":null}},"73":{"start":{"line":192,"column":4},"end":{"line":192,"column":null}},"74":{"start":{"line":192,"column":24},"end":{"line":192,"column":null}},"75":{"start":{"line":193,"column":18},"end":{"line":193,"column":null}},"76":{"start":{"line":194,"column":4},"end":{"line":194,"column":null}},"77":{"start":{"line":194,"column":31},"end":{"line":194,"column":null}},"78":{"start":{"line":195,"column":18},"end":{"line":195,"column":null}},"79":{"start":{"line":196,"column":4},"end":{"line":196,"column":null}},"80":{"start":{"line":197,"column":4},"end":{"line":197,"column":null}},"81":{"start":{"line":198,"column":4},"end":{"line":198,"column":null}},"82":{"start":{"line":199,"column":23},"end":{"line":199,"column":null}},"83":{"start":{"line":199,"column":61},"end":{"line":199,"column":76}},"84":{"start":{"line":200,"column":4},"end":{"line":200,"column":null}},"85":{"start":{"line":200,"column":36},"end":{"line":200,"column":null}},"86":{"start":{"line":204,"column":4},"end":{"line":204,"column":null}},"87":{"start":{"line":204,"column":24},"end":{"line":204,"column":null}},"88":{"start":{"line":205,"column":18},"end":{"line":205,"column":null}},"89":{"start":{"line":206,"column":4},"end":{"line":206,"column":null}},"90":{"start":{"line":206,"column":16},"end":{"line":206,"column":null}},"91":{"start":{"line":207,"column":4},"end":{"line":207,"column":null}},"92":{"start":{"line":208,"column":23},"end":{"line":208,"column":null}},"93":{"start":{"line":208,"column":61},"end":{"line":208,"column":76}},"94":{"start":{"line":209,"column":4},"end":{"line":209,"column":null}},"95":{"start":{"line":209,"column":21},"end":{"line":209,"column":null}},"96":{"start":{"line":210,"column":4},"end":{"line":210,"column":null}},"97":{"start":{"line":210,"column":17},"end":{"line":210,"column":null}},"98":{"start":{"line":214,"column":4},"end":{"line":214,"column":null}},"99":{"start":{"line":214,"column":24},"end":{"line":214,"column":null}},"100":{"start":{"line":215,"column":18},"end":{"line":215,"column":null}},"101":{"start":{"line":216,"column":4},"end":{"line":216,"column":null}},"102":{"start":{"line":216,"column":16},"end":{"line":216,"column":null}},"103":{"start":{"line":217,"column":4},"end":{"line":217,"column":null}},"104":{"start":{"line":221,"column":4},"end":{"line":221,"column":null}},"105":{"start":{"line":221,"column":24},"end":{"line":221,"column":null}},"106":{"start":{"line":222,"column":4},"end":{"line":222,"column":null}},"107":{"start":{"line":222,"column":29},"end":{"line":222,"column":null}},"108":{"start":{"line":223,"column":4},"end":{"line":226,"column":null}},"109":{"start":{"line":224,"column":6},"end":{"line":224,"column":null}},"110":{"start":{"line":225,"column":6},"end":{"line":225,"column":null}},"111":{"start":{"line":230,"column":4},"end":{"line":230,"column":null}},"112":{"start":{"line":230,"column":40},"end":{"line":230,"column":null}},"113":{"start":{"line":231,"column":19},"end":{"line":231,"column":null}},"114":{"start":{"line":232,"column":19},"end":{"line":232,"column":null}},"115":{"start":{"line":233,"column":19},"end":{"line":233,"column":null}},"116":{"start":{"line":234,"column":19},"end":{"line":234,"column":null}},"117":{"start":{"line":235,"column":24},"end":{"line":235,"column":null}},"118":{"start":{"line":236,"column":25},"end":{"line":236,"column":null}},"119":{"start":{"line":237,"column":19},"end":{"line":243,"column":null}},"120":{"start":{"line":244,"column":4},"end":{"line":244,"column":null}},"121":{"start":{"line":245,"column":4},"end":{"line":245,"column":null}},"122":{"start":{"line":246,"column":4},"end":{"line":246,"column":null}},"123":{"start":{"line":247,"column":4},"end":{"line":247,"column":null}},"124":{"start":{"line":248,"column":4},"end":{"line":248,"column":null}},"125":{"start":{"line":255,"column":4},"end":{"line":255,"column":null}},"126":{"start":{"line":255,"column":60},"end":{"line":255,"column":null}},"127":{"start":{"line":256,"column":5},"end":{"line":256,"column":null}},"128":{"start":{"line":256,"column":55},"end":{"line":256,"column":75}},"129":{"start":{"line":260,"column":4},"end":{"line":260,"column":null}},"130":{"start":{"line":260,"column":43},"end":{"line":260,"column":null}},"131":{"start":{"line":261,"column":4},"end":{"line":267,"column":null}},"132":{"start":{"line":262,"column":32},"end":{"line":262,"column":null}},"133":{"start":{"line":263,"column":6},"end":{"line":266,"column":null}},"134":{"start":{"line":264,"column":8},"end":{"line":264,"column":null}},"135":{"start":{"line":265,"column":8},"end":{"line":265,"column":null}},"136":{"start":{"line":268,"column":4},"end":{"line":268,"column":null}},"137":{"start":{"line":272,"column":4},"end":{"line":272,"column":null}},"138":{"start":{"line":272,"column":73},"end":{"line":272,"column":null}},"139":{"start":{"line":273,"column":21},"end":{"line":273,"column":null}},"140":{"start":{"line":274,"column":18},"end":{"line":274,"column":null}},"141":{"start":{"line":275,"column":19},"end":{"line":275,"column":null}},"142":{"start":{"line":276,"column":4},"end":{"line":276,"column":null}},"143":{"start":{"line":277,"column":4},"end":{"line":281,"column":null}},"144":{"start":{"line":278,"column":6},"end":{"line":280,"column":null}},"145":{"start":{"line":279,"column":8},"end":{"line":279,"column":null}},"146":{"start":{"line":282,"column":4},"end":{"line":282,"column":null}},"147":{"start":{"line":292,"column":0},"end":{"line":292,"column":null}}},"fnMap":{"0":{"name":"buildCameraBounds","decl":{"start":{"line":20,"column":16},"end":{"line":20,"column":null}},"loc":{"start":{"line":26,"column":64},"end":{"line":33,"column":null}},"line":26},"1":{"name":"detectWebGL2","decl":{"start":{"line":40,"column":16},"end":{"line":40,"column":29}},"loc":{"start":{"line":40,"column":65},"end":{"line":47,"column":null}},"line":40},"2":{"name":"getLayerZIndex","decl":{"start":{"line":59,"column":16},"end":{"line":59,"column":31}},"loc":{"start":{"line":59,"column":62},"end":{"line":67,"column":null}},"line":59},"3":{"name":"(anonymous_3)","decl":{"start":{"line":104,"column":6},"end":{"line":104,"column":29}},"loc":{"start":{"line":104,"column":29},"end":{"line":106,"column":null}},"line":104},"4":{"name":"(anonymous_4)","decl":{"start":{"line":110,"column":2},"end":{"line":110,"column":18}},"loc":{"start":{"line":110,"column":18},"end":{"line":175,"column":null}},"line":110},"5":{"name":"(anonymous_5)","decl":{"start":{"line":177,"column":2},"end":{"line":177,"column":11}},"loc":{"start":{"line":177,"column":43},"end":{"line":189,"column":null}},"line":177},"6":{"name":"(anonymous_6)","decl":{"start":{"line":191,"column":2},"end":{"line":191,"column":13}},"loc":{"start":{"line":191,"column":31},"end":{"line":201,"column":null}},"line":191},"7":{"name":"(anonymous_7)","decl":{"start":{"line":199,"column":54},"end":{"line":199,"column":55}},"loc":{"start":{"line":199,"column":61},"end":{"line":199,"column":76}},"line":199},"8":{"name":"(anonymous_8)","decl":{"start":{"line":203,"column":2},"end":{"line":203,"column":13}},"loc":{"start":{"line":203,"column":49},"end":{"line":211,"column":null}},"line":203},"9":{"name":"(anonymous_9)","decl":{"start":{"line":208,"column":54},"end":{"line":208,"column":55}},"loc":{"start":{"line":208,"column":61},"end":{"line":208,"column":76}},"line":208},"10":{"name":"(anonymous_10)","decl":{"start":{"line":213,"column":2},"end":{"line":213,"column":13}},"loc":{"start":{"line":213,"column":31},"end":{"line":218,"column":null}},"line":213},"11":{"name":"(anonymous_11)","decl":{"start":{"line":220,"column":2},"end":{"line":220,"column":24}},"loc":{"start":{"line":220,"column":24},"end":{"line":227,"column":null}},"line":220},"12":{"name":"(anonymous_12)","decl":{"start":{"line":223,"column":39},"end":{"line":223,"column":45}},"loc":{"start":{"line":223,"column":45},"end":{"line":226,"column":5}},"line":223},"13":{"name":"(anonymous_13)","decl":{"start":{"line":229,"column":2},"end":{"line":229,"column":24}},"loc":{"start":{"line":229,"column":24},"end":{"line":249,"column":null}},"line":229},"14":{"name":"(anonymous_14)","decl":{"start":{"line":253,"column":10},"end":{"line":253,"column":34}},"loc":{"start":{"line":253,"column":34},"end":{"line":257,"column":null}},"line":253},"15":{"name":"(anonymous_15)","decl":{"start":{"line":256,"column":49},"end":{"line":256,"column":55}},"loc":{"start":{"line":256,"column":55},"end":{"line":256,"column":75}},"line":256},"16":{"name":"(anonymous_16)","decl":{"start":{"line":259,"column":10},"end":{"line":259,"column":32}},"loc":{"start":{"line":259,"column":32},"end":{"line":269,"column":null}},"line":259},"17":{"name":"(anonymous_17)","decl":{"start":{"line":261,"column":45},"end":{"line":261,"column":46}},"loc":{"start":{"line":261,"column":58},"end":{"line":267,"column":5}},"line":261},"18":{"name":"(anonymous_18)","decl":{"start":{"line":271,"column":10},"end":{"line":271,"column":25}},"loc":{"start":{"line":271,"column":25},"end":{"line":283,"column":null}},"line":271}},"branchMap":{"0":{"loc":{"start":{"line":41,"column":17},"end":{"line":41,"column":null}},"type":"binary-expr","locations":[{"start":{"line":41,"column":17},"end":{"line":41,"column":26}},{"start":{"line":41,"column":26},"end":{"line":41,"column":null}}],"line":41},"1":{"loc":{"start":{"line":43,"column":2},"end":{"line":43,"column":null}},"type":"if","locations":[{"start":{"line":43,"column":2},"end":{"line":43,"column":null}},{"start":{},"end":{}}],"line":43},"2":{"loc":{"start":{"line":60,"column":2},"end":{"line":60,"column":null}},"type":"if","locations":[{"start":{"line":60,"column":2},"end":{"line":60,"column":null}},{"start":{},"end":{}}],"line":60},"3":{"loc":{"start":{"line":62,"column":2},"end":{"line":62,"column":null}},"type":"if","locations":[{"start":{"line":62,"column":2},"end":{"line":62,"column":null}},{"start":{},"end":{}}],"line":62},"4":{"loc":{"start":{"line":63,"column":30},"end":{"line":63,"column":66}},"type":"binary-expr","locations":[{"start":{"line":63,"column":30},"end":{"line":63,"column":64}},{"start":{"line":63,"column":64},"end":{"line":63,"column":66}}],"line":63},"5":{"loc":{"start":{"line":66,"column":9},"end":{"line":66,"column":null}},"type":"cond-expr","locations":[{"start":{"line":66,"column":19},"end":{"line":66,"column":29}},{"start":{"line":66,"column":29},"end":{"line":66,"column":null}}],"line":66},"6":{"loc":{"start":{"line":112,"column":4},"end":{"line":112,"column":null}},"type":"if","locations":[{"start":{"line":112,"column":4},"end":{"line":112,"column":null}},{"start":{},"end":{}}],"line":112},"7":{"loc":{"start":{"line":115,"column":4},"end":{"line":120,"column":null}},"type":"if","locations":[{"start":{"line":115,"column":4},"end":{"line":120,"column":null}},{"start":{},"end":{}}],"line":115},"8":{"loc":{"start":{"line":138,"column":19},"end":{"line":138,"column":null}},"type":"binary-expr","locations":[{"start":{"line":138,"column":19},"end":{"line":138,"column":44}},{"start":{"line":138,"column":44},"end":{"line":138,"column":null}}],"line":138},"9":{"loc":{"start":{"line":139,"column":20},"end":{"line":139,"column":null}},"type":"binary-expr","locations":[{"start":{"line":139,"column":20},"end":{"line":139,"column":46}},{"start":{"line":139,"column":46},"end":{"line":139,"column":null}}],"line":139},"10":{"loc":{"start":{"line":178,"column":4},"end":{"line":182,"column":null}},"type":"if","locations":[{"start":{"line":178,"column":4},"end":{"line":182,"column":null}},{"start":{},"end":{}}],"line":178},"11":{"loc":{"start":{"line":192,"column":4},"end":{"line":192,"column":null}},"type":"if","locations":[{"start":{"line":192,"column":4},"end":{"line":192,"column":null}},{"start":{},"end":{}}],"line":192},"12":{"loc":{"start":{"line":194,"column":4},"end":{"line":194,"column":null}},"type":"if","locations":[{"start":{"line":194,"column":4},"end":{"line":194,"column":null}},{"start":{},"end":{}}],"line":194},"13":{"loc":{"start":{"line":194,"column":8},"end":{"line":194,"column":31}},"type":"binary-expr","locations":[{"start":{"line":194,"column":8},"end":{"line":194,"column":18}},{"start":{"line":194,"column":18},"end":{"line":194,"column":31}}],"line":194},"14":{"loc":{"start":{"line":200,"column":4},"end":{"line":200,"column":null}},"type":"if","locations":[{"start":{"line":200,"column":4},"end":{"line":200,"column":null}},{"start":{},"end":{}}],"line":200},"15":{"loc":{"start":{"line":200,"column":8},"end":{"line":200,"column":36}},"type":"binary-expr","locations":[{"start":{"line":200,"column":8},"end":{"line":200,"column":23}},{"start":{"line":200,"column":23},"end":{"line":200,"column":36}}],"line":200},"16":{"loc":{"start":{"line":204,"column":4},"end":{"line":204,"column":null}},"type":"if","locations":[{"start":{"line":204,"column":4},"end":{"line":204,"column":null}},{"start":{},"end":{}}],"line":204},"17":{"loc":{"start":{"line":206,"column":4},"end":{"line":206,"column":null}},"type":"if","locations":[{"start":{"line":206,"column":4},"end":{"line":206,"column":null}},{"start":{},"end":{}}],"line":206},"18":{"loc":{"start":{"line":209,"column":4},"end":{"line":209,"column":null}},"type":"if","locations":[{"start":{"line":209,"column":4},"end":{"line":209,"column":null}},{"start":{},"end":{}}],"line":209},"19":{"loc":{"start":{"line":209,"column":49},"end":{"line":209,"column":null}},"type":"cond-expr","locations":[{"start":{"line":209,"column":62},"end":{"line":209,"column":72}},{"start":{"line":209,"column":72},"end":{"line":209,"column":null}}],"line":209},"20":{"loc":{"start":{"line":210,"column":4},"end":{"line":210,"column":null}},"type":"if","locations":[{"start":{"line":210,"column":4},"end":{"line":210,"column":null}},{"start":{},"end":{}}],"line":210},"21":{"loc":{"start":{"line":214,"column":4},"end":{"line":214,"column":null}},"type":"if","locations":[{"start":{"line":214,"column":4},"end":{"line":214,"column":null}},{"start":{},"end":{}}],"line":214},"22":{"loc":{"start":{"line":216,"column":4},"end":{"line":216,"column":null}},"type":"if","locations":[{"start":{"line":216,"column":4},"end":{"line":216,"column":null}},{"start":{},"end":{}}],"line":216},"23":{"loc":{"start":{"line":221,"column":4},"end":{"line":221,"column":null}},"type":"if","locations":[{"start":{"line":221,"column":4},"end":{"line":221,"column":null}},{"start":{},"end":{}}],"line":221},"24":{"loc":{"start":{"line":222,"column":4},"end":{"line":222,"column":null}},"type":"if","locations":[{"start":{"line":222,"column":4},"end":{"line":222,"column":null}},{"start":{},"end":{}}],"line":222},"25":{"loc":{"start":{"line":230,"column":4},"end":{"line":230,"column":null}},"type":"if","locations":[{"start":{"line":230,"column":4},"end":{"line":230,"column":null}},{"start":{},"end":{}}],"line":230},"26":{"loc":{"start":{"line":230,"column":8},"end":{"line":230,"column":40}},"type":"binary-expr","locations":[{"start":{"line":230,"column":8},"end":{"line":230,"column":26}},{"start":{"line":230,"column":26},"end":{"line":230,"column":40}}],"line":230},"27":{"loc":{"start":{"line":232,"column":19},"end":{"line":232,"column":null}},"type":"binary-expr","locations":[{"start":{"line":232,"column":19},"end":{"line":232,"column":47}},{"start":{"line":232,"column":47},"end":{"line":232,"column":null}}],"line":232},"28":{"loc":{"start":{"line":233,"column":19},"end":{"line":233,"column":null}},"type":"binary-expr","locations":[{"start":{"line":233,"column":19},"end":{"line":233,"column":47}},{"start":{"line":233,"column":47},"end":{"line":233,"column":null}}],"line":233},"29":{"loc":{"start":{"line":234,"column":19},"end":{"line":234,"column":null}},"type":"binary-expr","locations":[{"start":{"line":234,"column":19},"end":{"line":234,"column":47}},{"start":{"line":234,"column":47},"end":{"line":234,"column":null}}],"line":234},"30":{"loc":{"start":{"line":235,"column":24},"end":{"line":235,"column":null}},"type":"binary-expr","locations":[{"start":{"line":235,"column":24},"end":{"line":235,"column":57}},{"start":{"line":235,"column":57},"end":{"line":235,"column":null}}],"line":235},"31":{"loc":{"start":{"line":236,"column":25},"end":{"line":236,"column":null}},"type":"binary-expr","locations":[{"start":{"line":236,"column":25},"end":{"line":236,"column":59}},{"start":{"line":236,"column":59},"end":{"line":236,"column":null}}],"line":236},"32":{"loc":{"start":{"line":255,"column":4},"end":{"line":255,"column":null}},"type":"if","locations":[{"start":{"line":255,"column":4},"end":{"line":255,"column":null}},{"start":{},"end":{}}],"line":255},"33":{"loc":{"start":{"line":260,"column":4},"end":{"line":260,"column":null}},"type":"if","locations":[{"start":{"line":260,"column":4},"end":{"line":260,"column":null}},{"start":{},"end":{}}],"line":260},"34":{"loc":{"start":{"line":260,"column":8},"end":{"line":260,"column":43}},"type":"binary-expr","locations":[{"start":{"line":260,"column":8},"end":{"line":260,"column":27}},{"start":{"line":260,"column":27},"end":{"line":260,"column":43}}],"line":260},"35":{"loc":{"start":{"line":263,"column":6},"end":{"line":266,"column":null}},"type":"if","locations":[{"start":{"line":263,"column":6},"end":{"line":266,"column":null}},{"start":{},"end":{}}],"line":263},"36":{"loc":{"start":{"line":263,"column":10},"end":{"line":263,"column":40}},"type":"binary-expr","locations":[{"start":{"line":263,"column":10},"end":{"line":263,"column":27}},{"start":{"line":263,"column":27},"end":{"line":263,"column":40}}],"line":263},"37":{"loc":{"start":{"line":272,"column":4},"end":{"line":272,"column":null}},"type":"if","locations":[{"start":{"line":272,"column":4},"end":{"line":272,"column":null}},{"start":{},"end":{}}],"line":272},"38":{"loc":{"start":{"line":272,"column":8},"end":{"line":272,"column":73}},"type":"binary-expr","locations":[{"start":{"line":272,"column":8},"end":{"line":272,"column":26}},{"start":{"line":272,"column":26},"end":{"line":272,"column":44}},{"start":{"line":272,"column":44},"end":{"line":272,"column":59}},{"start":{"line":272,"column":59},"end":{"line":272,"column":73}}],"line":272},"39":{"loc":{"start":{"line":278,"column":6},"end":{"line":280,"column":null}},"type":"if","locations":[{"start":{"line":278,"column":6},"end":{"line":280,"column":null}},{"start":{},"end":{}}],"line":278}},"s":{"0":11,"1":8,"2":8,"3":8,"4":2,"5":6,"6":6,"7":8,"8":4,"9":1,"10":3,"11":3,"12":3,"13":0,"14":4,"15":4,"16":26,"17":26,"18":26,"19":26,"20":26,"21":26,"22":26,"23":26,"24":26,"25":26,"26":2,"27":5,"28":5,"29":1,"30":4,"31":4,"32":1,"33":1,"34":3,"35":3,"36":3,"37":3,"38":3,"39":3,"40":3,"41":3,"42":3,"43":3,"44":3,"45":3,"46":3,"47":3,"48":5,"49":5,"50":5,"51":5,"52":5,"53":5,"54":5,"55":5,"56":5,"57":1,"58":1,"59":1,"60":1,"61":1,"62":3,"63":3,"64":3,"65":4,"66":4,"67":4,"68":0,"69":0,"70":0,"71":0,"72":0,"73":2,"74":0,"75":2,"76":2,"77":0,"78":2,"79":2,"80":2,"81":2,"82":2,"83":0,"84":2,"85":2,"86":4,"87":0,"88":4,"89":4,"90":0,"91":4,"92":4,"93":5,"94":4,"95":4,"96":4,"97":1,"98":3,"99":0,"100":3,"101":3,"102":0,"103":3,"104":10,"105":0,"106":10,"107":4,"108":6,"109":3,"110":3,"111":3,"112":0,"113":3,"114":3,"115":3,"116":3,"117":3,"118":3,"119":3,"120":3,"121":3,"122":3,"123":3,"124":3,"125":3,"126":3,"127":0,"128":0,"129":3,"130":0,"131":3,"132":0,"133":0,"134":0,"135":0,"136":3,"137":3,"138":1,"139":2,"140":2,"141":2,"142":2,"143":2,"144":2,"145":1,"146":2,"147":1},"f":{"0":11,"1":8,"2":4,"3":2,"4":5,"5":4,"6":2,"7":0,"8":4,"9":5,"10":3,"11":10,"12":3,"13":3,"14":3,"15":0,"16":3,"17":0,"18":3},"b":{"0":[8,5],"1":[2,6],"2":[1,3],"3":[3,0],"4":[0,0],"5":[0,0],"6":[1,4],"7":[1,3],"8":[3,0],"9":[5,0],"10":[4,0],"11":[0,2],"12":[0,2],"13":[2,2],"14":[2,0],"15":[2,2],"16":[0,4],"17":[0,4],"18":[4,0],"19":[1,3],"20":[1,3],"21":[0,3],"22":[0,3],"23":[0,10],"24":[4,6],"25":[0,3],"26":[3,3],"27":[3,2],"28":[3,2],"29":[3,2],"30":[3,2],"31":[3,2],"32":[3,0],"33":[0,3],"34":[3,3],"35":[0,0],"36":[0,0],"37":[1,2],"38":[3,3,2,2],"39":[1,1]},"meta":{"lastBranch":40,"lastFunction":19,"lastStatement":148,"seen":{"f:20:16:20:Infinity":0,"s:27:2:32:Infinity":0,"f:40:16:40:29":1,"s:41:17:41:Infinity":1,"b:41:17:41:26:41:26:41:Infinity":0,"s:42:14:42:Infinity":2,"b:43:2:43:Infinity:undefined:undefined:undefined:undefined":1,"s:43:2:43:Infinity":3,"s:43:12:43:Infinity":4,"s:44:14:44:Infinity":5,"s:45:2:45:Infinity":6,"s:46:2:46:Infinity":7,"f:59:16:59:31":2,"b:60:2:60:Infinity:undefined:undefined:undefined:undefined":2,"s:60:2:60:Infinity":8,"s:60:39:60:Infinity":9,"s:61:17:61:Infinity":10,"b:62:2:62:Infinity:undefined:undefined:undefined:undefined":3,"s:62:2:62:Infinity":11,"s:62:15:62:Infinity":12,"s:63:19:63:Infinity":13,"b:63:30:63:64:63:64:63:66":4,"s:64:14:64:Infinity":14,"s:66:2:66:Infinity":15,"b:66:19:66:29:66:29:66:Infinity":5,"s:89:45:89:Infinity":16,"s:90:43:90:Infinity":17,"s:91:46:91:Infinity":18,"s:92:32:92:Infinity":19,"s:93:49:93:Infinity":20,"s:94:47:94:Infinity":21,"s:95:50:95:Infinity":22,"s:96:33:96:Infinity":23,"s:97:42:97:Infinity":24,"s:102:22:102:Infinity":25,"f:104:6:104:29":3,"s:105:4:105:Infinity":26,"f:110:2:110:18":4,"s:111:4:111:Infinity":27,"b:112:4:112:Infinity:undefined:undefined:undefined:undefined":6,"s:112:4:112:Infinity":28,"s:112:24:112:Infinity":29,"s:114:18:114:Infinity":30,"b:115:4:120:Infinity:undefined:undefined:undefined:undefined":7,"s:115:4:120:Infinity":31,"s:116:6:118:Infinity":32,"s:119:6:119:Infinity":33,"s:123:22:123:Infinity":34,"s:124:4:124:Infinity":35,"s:125:4:125:Infinity":36,"s:126:4:126:Infinity":37,"s:127:4:127:Infinity":38,"s:128:4:128:Infinity":39,"s:131:19:131:Infinity":40,"s:132:4:132:Infinity":41,"s:133:4:133:Infinity":42,"s:134:4:134:Infinity":43,"s:135:4:135:Infinity":44,"s:136:4:136:Infinity":45,"s:137:4:137:Infinity":46,"s:138:4:138:Infinity":47,"b:138:19:138:44:138:44:138:Infinity":8,"s:139:4:139:Infinity":48,"b:139:20:139:46:139:46:139:Infinity":9,"s:140:4:140:Infinity":49,"s:141:4:141:Infinity":50,"s:144:4:148:Infinity":51,"s:149:4:149:Infinity":52,"s:150:4:150:Infinity":53,"s:151:4:158:Infinity":54,"s:160:4:160:Infinity":55,"s:163:4:169:Infinity":56,"s:164:20:164:Infinity":57,"s:165:6:165:Infinity":58,"s:166:6:166:Infinity":59,"s:167:6:167:Infinity":60,"s:168:6:168:Infinity":61,"s:170:4:170:Infinity":62,"s:172:4:172:Infinity":63,"s:174:4:174:Infinity":64,"f:177:2:177:11":5,"b:178:4:182:Infinity:undefined:undefined:undefined:undefined":10,"s:178:4:182:Infinity":65,"s:180:6:180:Infinity":66,"s:181:6:181:Infinity":67,"s:184:18:184:Infinity":68,"s:185:4:185:Infinity":69,"s:186:4:186:Infinity":70,"s:187:4:187:Infinity":71,"s:188:4:188:Infinity":72,"f:191:2:191:13":6,"b:192:4:192:Infinity:undefined:undefined:undefined:undefined":11,"s:192:4:192:Infinity":73,"s:192:24:192:Infinity":74,"s:193:18:193:Infinity":75,"b:194:4:194:Infinity:undefined:undefined:undefined:undefined":12,"s:194:4:194:Infinity":76,"b:194:8:194:18:194:18:194:31":13,"s:194:31:194:Infinity":77,"s:195:18:195:Infinity":78,"s:196:4:196:Infinity":79,"s:197:4:197:Infinity":80,"s:198:4:198:Infinity":81,"s:199:23:199:Infinity":82,"f:199:54:199:55":7,"s:199:61:199:76":83,"b:200:4:200:Infinity:undefined:undefined:undefined:undefined":14,"s:200:4:200:Infinity":84,"b:200:8:200:23:200:23:200:36":15,"s:200:36:200:Infinity":85,"f:203:2:203:13":8,"b:204:4:204:Infinity:undefined:undefined:undefined:undefined":16,"s:204:4:204:Infinity":86,"s:204:24:204:Infinity":87,"s:205:18:205:Infinity":88,"b:206:4:206:Infinity:undefined:undefined:undefined:undefined":17,"s:206:4:206:Infinity":89,"s:206:16:206:Infinity":90,"s:207:4:207:Infinity":91,"s:208:23:208:Infinity":92,"f:208:54:208:55":9,"s:208:61:208:76":93,"b:209:4:209:Infinity:undefined:undefined:undefined:undefined":18,"s:209:4:209:Infinity":94,"s:209:21:209:Infinity":95,"b:209:62:209:72:209:72:209:Infinity":19,"b:210:4:210:Infinity:undefined:undefined:undefined:undefined":20,"s:210:4:210:Infinity":96,"s:210:17:210:Infinity":97,"f:213:2:213:13":10,"b:214:4:214:Infinity:undefined:undefined:undefined:undefined":21,"s:214:4:214:Infinity":98,"s:214:24:214:Infinity":99,"s:215:18:215:Infinity":100,"b:216:4:216:Infinity:undefined:undefined:undefined:undefined":22,"s:216:4:216:Infinity":101,"s:216:16:216:Infinity":102,"s:217:4:217:Infinity":103,"f:220:2:220:24":11,"b:221:4:221:Infinity:undefined:undefined:undefined:undefined":23,"s:221:4:221:Infinity":104,"s:221:24:221:Infinity":105,"b:222:4:222:Infinity:undefined:undefined:undefined:undefined":24,"s:222:4:222:Infinity":106,"s:222:29:222:Infinity":107,"s:223:4:226:Infinity":108,"f:223:39:223:45":12,"s:224:6:224:Infinity":109,"s:225:6:225:Infinity":110,"f:229:2:229:24":13,"b:230:4:230:Infinity:undefined:undefined:undefined:undefined":25,"s:230:4:230:Infinity":111,"b:230:8:230:26:230:26:230:40":26,"s:230:40:230:Infinity":112,"s:231:19:231:Infinity":113,"s:232:19:232:Infinity":114,"b:232:19:232:47:232:47:232:Infinity":27,"s:233:19:233:Infinity":115,"b:233:19:233:47:233:47:233:Infinity":28,"s:234:19:234:Infinity":116,"b:234:19:234:47:234:47:234:Infinity":29,"s:235:24:235:Infinity":117,"b:235:24:235:57:235:57:235:Infinity":30,"s:236:25:236:Infinity":118,"b:236:25:236:59:236:59:236:Infinity":31,"s:237:19:243:Infinity":119,"s:244:4:244:Infinity":120,"s:245:4:245:Infinity":121,"s:246:4:246:Infinity":122,"s:247:4:247:Infinity":123,"s:248:4:248:Infinity":124,"f:253:10:253:34":14,"b:255:4:255:Infinity:undefined:undefined:undefined:undefined":32,"s:255:4:255:Infinity":125,"s:255:60:255:Infinity":126,"s:256:5:256:Infinity":127,"f:256:49:256:55":15,"s:256:55:256:75":128,"f:259:10:259:32":16,"b:260:4:260:Infinity:undefined:undefined:undefined:undefined":33,"s:260:4:260:Infinity":129,"b:260:8:260:27:260:27:260:43":34,"s:260:43:260:Infinity":130,"s:261:4:267:Infinity":131,"f:261:45:261:46":17,"s:262:32:262:Infinity":132,"b:263:6:266:Infinity:undefined:undefined:undefined:undefined":35,"s:263:6:266:Infinity":133,"b:263:10:263:27:263:27:263:40":36,"s:264:8:264:Infinity":134,"s:265:8:265:Infinity":135,"s:268:4:268:Infinity":136,"f:271:10:271:25":18,"b:272:4:272:Infinity:undefined:undefined:undefined:undefined":37,"s:272:4:272:Infinity":137,"b:272:8:272:26:272:26:272:44:272:44:272:59:272:59:272:73":38,"s:272:73:272:Infinity":138,"s:273:21:273:Infinity":139,"s:274:18:274:Infinity":140,"s:275:19:275:Infinity":141,"s:276:4:276:Infinity":142,"s:277:4:281:Infinity":143,"b:278:6:280:Infinity:undefined:undefined:undefined:undefined":39,"s:278:6:280:Infinity":144,"s:279:8:279:Infinity":145,"s:282:4:282:Infinity":146,"s:292:0:292:Infinity":147}}}
}
