{"/Users/azgaar/Fantasy-Map-Generator/src/modules/webgl-layer-framework.ts": {"path":"/Users/azgaar/Fantasy-Map-Generator/src/modules/webgl-layer-framework.ts","statementMap":{"0":{"start":{"line":25,"column":2},"end":{"line":30,"column":null}},"1":{"start":{"line":39,"column":17},"end":{"line":39,"column":null}},"2":{"start":{"line":40,"column":14},"end":{"line":40,"column":null}},"3":{"start":{"line":41,"column":2},"end":{"line":41,"column":null}},"4":{"start":{"line":41,"column":12},"end":{"line":41,"column":null}},"5":{"start":{"line":42,"column":14},"end":{"line":42,"column":null}},"6":{"start":{"line":43,"column":2},"end":{"line":43,"column":null}},"7":{"start":{"line":44,"column":2},"end":{"line":44,"column":null}},"8":{"start":{"line":58,"column":2},"end":{"line":58,"column":null}},"9":{"start":{"line":58,"column":39},"end":{"line":58,"column":null}},"10":{"start":{"line":59,"column":17},"end":{"line":59,"column":null}},"11":{"start":{"line":60,"column":2},"end":{"line":60,"column":null}},"12":{"start":{"line":60,"column":15},"end":{"line":60,"column":null}},"13":{"start":{"line":61,"column":19},"end":{"line":61,"column":null}},"14":{"start":{"line":62,"column":14},"end":{"line":62,"column":null}},"15":{"start":{"line":64,"column":2},"end":{"line":64,"column":null}},"16":{"start":{"line":85,"column":45},"end":{"line":85,"column":null}},"17":{"start":{"line":86,"column":43},"end":{"line":86,"column":null}},"18":{"start":{"line":87,"column":46},"end":{"line":87,"column":null}},"19":{"start":{"line":88,"column":32},"end":{"line":88,"column":null}},"20":{"start":{"line":89,"column":49},"end":{"line":89,"column":null}},"21":{"start":{"line":90,"column":47},"end":{"line":90,"column":null}},"22":{"start":{"line":91,"column":50},"end":{"line":91,"column":null}},"23":{"start":{"line":92,"column":33},"end":{"line":92,"column":null}},"24":{"start":{"line":93,"column":42},"end":{"line":93,"column":null}},"25":{"start":{"line":94,"column":22},"end":{"line":94,"column":null}},"26":{"start":{"line":97,"column":4},"end":{"line":97,"column":null}},"27":{"start":{"line":101,"column":4},"end":{"line":101,"column":null}},"28":{"start":{"line":102,"column":4},"end":{"line":102,"column":null}},"29":{"start":{"line":102,"column":24},"end":{"line":102,"column":null}},"30":{"start":{"line":104,"column":18},"end":{"line":104,"column":null}},"31":{"start":{"line":105,"column":4},"end":{"line":110,"column":null}},"32":{"start":{"line":106,"column":6},"end":{"line":108,"column":null}},"33":{"start":{"line":109,"column":6},"end":{"line":109,"column":null}},"34":{"start":{"line":113,"column":22},"end":{"line":113,"column":null}},"35":{"start":{"line":114,"column":4},"end":{"line":114,"column":null}},"36":{"start":{"line":115,"column":4},"end":{"line":115,"column":null}},"37":{"start":{"line":116,"column":4},"end":{"line":116,"column":null}},"38":{"start":{"line":117,"column":4},"end":{"line":117,"column":null}},"39":{"start":{"line":118,"column":4},"end":{"line":118,"column":null}},"40":{"start":{"line":121,"column":19},"end":{"line":121,"column":null}},"41":{"start":{"line":122,"column":4},"end":{"line":122,"column":null}},"42":{"start":{"line":123,"column":4},"end":{"line":123,"column":null}},"43":{"start":{"line":124,"column":4},"end":{"line":124,"column":null}},"44":{"start":{"line":125,"column":4},"end":{"line":125,"column":null}},"45":{"start":{"line":126,"column":4},"end":{"line":126,"column":null}},"46":{"start":{"line":127,"column":4},"end":{"line":127,"column":null}},"47":{"start":{"line":128,"column":4},"end":{"line":128,"column":null}},"48":{"start":{"line":129,"column":4},"end":{"line":129,"column":null}},"49":{"start":{"line":130,"column":4},"end":{"line":130,"column":null}},"50":{"start":{"line":131,"column":4},"end":{"line":131,"column":null}},"51":{"start":{"line":134,"column":4},"end":{"line":138,"column":null}},"52":{"start":{"line":139,"column":4},"end":{"line":139,"column":null}},"53":{"start":{"line":140,"column":4},"end":{"line":140,"column":null}},"54":{"start":{"line":141,"column":4},"end":{"line":148,"column":null}},"55":{"start":{"line":150,"column":4},"end":{"line":150,"column":null}},"56":{"start":{"line":153,"column":4},"end":{"line":159,"column":null}},"57":{"start":{"line":154,"column":20},"end":{"line":154,"column":null}},"58":{"start":{"line":155,"column":6},"end":{"line":155,"column":null}},"59":{"start":{"line":156,"column":6},"end":{"line":156,"column":null}},"60":{"start":{"line":157,"column":6},"end":{"line":157,"column":null}},"61":{"start":{"line":158,"column":6},"end":{"line":158,"column":null}},"62":{"start":{"line":160,"column":4},"end":{"line":160,"column":null}},"63":{"start":{"line":161,"column":4},"end":{"line":161,"column":null}},"64":{"start":{"line":163,"column":4},"end":{"line":163,"column":null}},"65":{"start":{"line":167,"column":4},"end":{"line":171,"column":null}},"66":{"start":{"line":169,"column":6},"end":{"line":169,"column":null}},"67":{"start":{"line":170,"column":6},"end":{"line":170,"column":null}},"68":{"start":{"line":173,"column":18},"end":{"line":173,"column":null}},"69":{"start":{"line":174,"column":4},"end":{"line":174,"column":null}},"70":{"start":{"line":175,"column":4},"end":{"line":175,"column":null}},"71":{"start":{"line":176,"column":4},"end":{"line":176,"column":null}},"72":{"start":{"line":177,"column":4},"end":{"line":177,"column":null}},"73":{"start":{"line":181,"column":4},"end":{"line":181,"column":null}},"74":{"start":{"line":181,"column":24},"end":{"line":181,"column":null}},"75":{"start":{"line":182,"column":18},"end":{"line":182,"column":null}},"76":{"start":{"line":183,"column":4},"end":{"line":183,"column":null}},"77":{"start":{"line":183,"column":31},"end":{"line":183,"column":null}},"78":{"start":{"line":184,"column":18},"end":{"line":184,"column":null}},"79":{"start":{"line":185,"column":4},"end":{"line":185,"column":null}},"80":{"start":{"line":186,"column":4},"end":{"line":186,"column":null}},"81":{"start":{"line":187,"column":4},"end":{"line":187,"column":null}},"82":{"start":{"line":188,"column":23},"end":{"line":188,"column":null}},"83":{"start":{"line":188,"column":61},"end":{"line":188,"column":76}},"84":{"start":{"line":189,"column":4},"end":{"line":189,"column":null}},"85":{"start":{"line":189,"column":36},"end":{"line":189,"column":null}},"86":{"start":{"line":193,"column":4},"end":{"line":193,"column":null}},"87":{"start":{"line":193,"column":24},"end":{"line":193,"column":null}},"88":{"start":{"line":194,"column":18},"end":{"line":194,"column":null}},"89":{"start":{"line":195,"column":4},"end":{"line":195,"column":null}},"90":{"start":{"line":195,"column":16},"end":{"line":195,"column":null}},"91":{"start":{"line":196,"column":4},"end":{"line":196,"column":null}},"92":{"start":{"line":197,"column":23},"end":{"line":197,"column":null}},"93":{"start":{"line":197,"column":61},"end":{"line":197,"column":76}},"94":{"start":{"line":198,"column":4},"end":{"line":198,"column":null}},"95":{"start":{"line":198,"column":21},"end":{"line":198,"column":null}},"96":{"start":{"line":199,"column":4},"end":{"line":199,"column":null}},"97":{"start":{"line":199,"column":17},"end":{"line":199,"column":null}},"98":{"start":{"line":203,"column":4},"end":{"line":203,"column":null}},"99":{"start":{"line":203,"column":24},"end":{"line":203,"column":null}},"100":{"start":{"line":204,"column":18},"end":{"line":204,"column":null}},"101":{"start":{"line":205,"column":4},"end":{"line":205,"column":null}},"102":{"start":{"line":205,"column":16},"end":{"line":205,"column":null}},"103":{"start":{"line":206,"column":4},"end":{"line":206,"column":null}},"104":{"start":{"line":210,"column":4},"end":{"line":210,"column":null}},"105":{"start":{"line":210,"column":24},"end":{"line":210,"column":null}},"106":{"start":{"line":211,"column":4},"end":{"line":211,"column":null}},"107":{"start":{"line":211,"column":29},"end":{"line":211,"column":null}},"108":{"start":{"line":212,"column":4},"end":{"line":215,"column":null}},"109":{"start":{"line":213,"column":6},"end":{"line":213,"column":null}},"110":{"start":{"line":214,"column":6},"end":{"line":214,"column":null}},"111":{"start":{"line":219,"column":4},"end":{"line":219,"column":null}},"112":{"start":{"line":219,"column":40},"end":{"line":219,"column":null}},"113":{"start":{"line":220,"column":19},"end":{"line":220,"column":null}},"114":{"start":{"line":221,"column":19},"end":{"line":221,"column":null}},"115":{"start":{"line":222,"column":19},"end":{"line":222,"column":null}},"116":{"start":{"line":223,"column":19},"end":{"line":223,"column":null}},"117":{"start":{"line":224,"column":24},"end":{"line":224,"column":null}},"118":{"start":{"line":225,"column":25},"end":{"line":225,"column":null}},"119":{"start":{"line":226,"column":19},"end":{"line":232,"column":null}},"120":{"start":{"line":233,"column":4},"end":{"line":233,"column":null}},"121":{"start":{"line":234,"column":4},"end":{"line":234,"column":null}},"122":{"start":{"line":235,"column":4},"end":{"line":235,"column":null}},"123":{"start":{"line":236,"column":4},"end":{"line":236,"column":null}},"124":{"start":{"line":237,"column":4},"end":{"line":237,"column":null}},"125":{"start":{"line":242,"column":4},"end":{"line":242,"column":null}},"126":{"start":{"line":242,"column":60},"end":{"line":242,"column":null}},"127":{"start":{"line":243,"column":5},"end":{"line":243,"column":null}},"128":{"start":{"line":243,"column":55},"end":{"line":243,"column":75}},"129":{"start":{"line":247,"column":4},"end":{"line":247,"column":null}},"130":{"start":{"line":247,"column":43},"end":{"line":247,"column":null}},"131":{"start":{"line":248,"column":4},"end":{"line":254,"column":null}},"132":{"start":{"line":249,"column":32},"end":{"line":249,"column":null}},"133":{"start":{"line":250,"column":6},"end":{"line":253,"column":null}},"134":{"start":{"line":251,"column":8},"end":{"line":251,"column":null}},"135":{"start":{"line":252,"column":8},"end":{"line":252,"column":null}},"136":{"start":{"line":255,"column":4},"end":{"line":255,"column":null}},"137":{"start":{"line":259,"column":4},"end":{"line":259,"column":null}},"138":{"start":{"line":259,"column":73},"end":{"line":259,"column":null}},"139":{"start":{"line":260,"column":21},"end":{"line":260,"column":null}},"140":{"start":{"line":261,"column":18},"end":{"line":261,"column":null}},"141":{"start":{"line":262,"column":19},"end":{"line":262,"column":null}},"142":{"start":{"line":263,"column":4},"end":{"line":263,"column":null}},"143":{"start":{"line":264,"column":4},"end":{"line":268,"column":null}},"144":{"start":{"line":265,"column":6},"end":{"line":267,"column":null}},"145":{"start":{"line":266,"column":8},"end":{"line":266,"column":null}},"146":{"start":{"line":269,"column":4},"end":{"line":269,"column":null}},"147":{"start":{"line":276,"column":0},"end":{"line":276,"column":null}}},"fnMap":{"0":{"name":"buildCameraBounds","decl":{"start":{"line":18,"column":16},"end":{"line":18,"column":null}},"loc":{"start":{"line":24,"column":64},"end":{"line":31,"column":null}},"line":24},"1":{"name":"detectWebGL2","decl":{"start":{"line":38,"column":16},"end":{"line":38,"column":29}},"loc":{"start":{"line":38,"column":65},"end":{"line":45,"column":null}},"line":38},"2":{"name":"getLayerZIndex","decl":{"start":{"line":57,"column":16},"end":{"line":57,"column":31}},"loc":{"start":{"line":57,"column":62},"end":{"line":65,"column":null}},"line":57},"3":{"name":"(anonymous_3)","decl":{"start":{"line":96,"column":6},"end":{"line":96,"column":29}},"loc":{"start":{"line":96,"column":29},"end":{"line":98,"column":null}},"line":96},"4":{"name":"(anonymous_4)","decl":{"start":{"line":100,"column":2},"end":{"line":100,"column":18}},"loc":{"start":{"line":100,"column":18},"end":{"line":164,"column":null}},"line":100},"5":{"name":"(anonymous_5)","decl":{"start":{"line":166,"column":2},"end":{"line":166,"column":11}},"loc":{"start":{"line":166,"column":43},"end":{"line":178,"column":null}},"line":166},"6":{"name":"(anonymous_6)","decl":{"start":{"line":180,"column":2},"end":{"line":180,"column":13}},"loc":{"start":{"line":180,"column":31},"end":{"line":190,"column":null}},"line":180},"7":{"name":"(anonymous_7)","decl":{"start":{"line":188,"column":54},"end":{"line":188,"column":55}},"loc":{"start":{"line":188,"column":61},"end":{"line":188,"column":76}},"line":188},"8":{"name":"(anonymous_8)","decl":{"start":{"line":192,"column":2},"end":{"line":192,"column":13}},"loc":{"start":{"line":192,"column":49},"end":{"line":200,"column":null}},"line":192},"9":{"name":"(anonymous_9)","decl":{"start":{"line":197,"column":54},"end":{"line":197,"column":55}},"loc":{"start":{"line":197,"column":61},"end":{"line":197,"column":76}},"line":197},"10":{"name":"(anonymous_10)","decl":{"start":{"line":202,"column":2},"end":{"line":202,"column":13}},"loc":{"start":{"line":202,"column":31},"end":{"line":207,"column":null}},"line":202},"11":{"name":"(anonymous_11)","decl":{"start":{"line":209,"column":2},"end":{"line":209,"column":24}},"loc":{"start":{"line":209,"column":24},"end":{"line":216,"column":null}},"line":209},"12":{"name":"(anonymous_12)","decl":{"start":{"line":212,"column":39},"end":{"line":212,"column":45}},"loc":{"start":{"line":212,"column":45},"end":{"line":215,"column":5}},"line":212},"13":{"name":"(anonymous_13)","decl":{"start":{"line":218,"column":2},"end":{"line":218,"column":24}},"loc":{"start":{"line":218,"column":24},"end":{"line":238,"column":null}},"line":218},"14":{"name":"(anonymous_14)","decl":{"start":{"line":240,"column":10},"end":{"line":240,"column":34}},"loc":{"start":{"line":240,"column":34},"end":{"line":244,"column":null}},"line":240},"15":{"name":"(anonymous_15)","decl":{"start":{"line":243,"column":49},"end":{"line":243,"column":55}},"loc":{"start":{"line":243,"column":55},"end":{"line":243,"column":75}},"line":243},"16":{"name":"(anonymous_16)","decl":{"start":{"line":246,"column":10},"end":{"line":246,"column":32}},"loc":{"start":{"line":246,"column":32},"end":{"line":256,"column":null}},"line":246},"17":{"name":"(anonymous_17)","decl":{"start":{"line":248,"column":45},"end":{"line":248,"column":46}},"loc":{"start":{"line":248,"column":58},"end":{"line":254,"column":5}},"line":248},"18":{"name":"(anonymous_18)","decl":{"start":{"line":258,"column":10},"end":{"line":258,"column":25}},"loc":{"start":{"line":258,"column":25},"end":{"line":270,"column":null}},"line":258}},"branchMap":{"0":{"loc":{"start":{"line":39,"column":17},"end":{"line":39,"column":null}},"type":"binary-expr","locations":[{"start":{"line":39,"column":17},"end":{"line":39,"column":26}},{"start":{"line":39,"column":26},"end":{"line":39,"column":null}}],"line":39},"1":{"loc":{"start":{"line":41,"column":2},"end":{"line":41,"column":null}},"type":"if","locations":[{"start":{"line":41,"column":2},"end":{"line":41,"column":null}},{"start":{},"end":{}}],"line":41},"2":{"loc":{"start":{"line":58,"column":2},"end":{"line":58,"column":null}},"type":"if","locations":[{"start":{"line":58,"column":2},"end":{"line":58,"column":null}},{"start":{},"end":{}}],"line":58},"3":{"loc":{"start":{"line":60,"column":2},"end":{"line":60,"column":null}},"type":"if","locations":[{"start":{"line":60,"column":2},"end":{"line":60,"column":null}},{"start":{},"end":{}}],"line":60},"4":{"loc":{"start":{"line":61,"column":30},"end":{"line":61,"column":66}},"type":"binary-expr","locations":[{"start":{"line":61,"column":30},"end":{"line":61,"column":64}},{"start":{"line":61,"column":64},"end":{"line":61,"column":66}}],"line":61},"5":{"loc":{"start":{"line":64,"column":9},"end":{"line":64,"column":null}},"type":"cond-expr","locations":[{"start":{"line":64,"column":19},"end":{"line":64,"column":29}},{"start":{"line":64,"column":29},"end":{"line":64,"column":null}}],"line":64},"6":{"loc":{"start":{"line":102,"column":4},"end":{"line":102,"column":null}},"type":"if","locations":[{"start":{"line":102,"column":4},"end":{"line":102,"column":null}},{"start":{},"end":{}}],"line":102},"7":{"loc":{"start":{"line":105,"column":4},"end":{"line":110,"column":null}},"type":"if","locations":[{"start":{"line":105,"column":4},"end":{"line":110,"column":null}},{"start":{},"end":{}}],"line":105},"8":{"loc":{"start":{"line":128,"column":19},"end":{"line":128,"column":null}},"type":"binary-expr","locations":[{"start":{"line":128,"column":19},"end":{"line":128,"column":44}},{"start":{"line":128,"column":44},"end":{"line":128,"column":null}}],"line":128},"9":{"loc":{"start":{"line":129,"column":20},"end":{"line":129,"column":null}},"type":"binary-expr","locations":[{"start":{"line":129,"column":20},"end":{"line":129,"column":46}},{"start":{"line":129,"column":46},"end":{"line":129,"column":null}}],"line":129},"10":{"loc":{"start":{"line":167,"column":4},"end":{"line":171,"column":null}},"type":"if","locations":[{"start":{"line":167,"column":4},"end":{"line":171,"column":null}},{"start":{},"end":{}}],"line":167},"11":{"loc":{"start":{"line":181,"column":4},"end":{"line":181,"column":null}},"type":"if","locations":[{"start":{"line":181,"column":4},"end":{"line":181,"column":null}},{"start":{},"end":{}}],"line":181},"12":{"loc":{"start":{"line":183,"column":4},"end":{"line":183,"column":null}},"type":"if","locations":[{"start":{"line":183,"column":4},"end":{"line":183,"column":null}},{"start":{},"end":{}}],"line":183},"13":{"loc":{"start":{"line":183,"column":8},"end":{"line":183,"column":31}},"type":"binary-expr","locations":[{"start":{"line":183,"column":8},"end":{"line":183,"column":18}},{"start":{"line":183,"column":18},"end":{"line":183,"column":31}}],"line":183},"14":{"loc":{"start":{"line":189,"column":4},"end":{"line":189,"column":null}},"type":"if","locations":[{"start":{"line":189,"column":4},"end":{"line":189,"column":null}},{"start":{},"end":{}}],"line":189},"15":{"loc":{"start":{"line":189,"column":8},"end":{"line":189,"column":36}},"type":"binary-expr","locations":[{"start":{"line":189,"column":8},"end":{"line":189,"column":23}},{"start":{"line":189,"column":23},"end":{"line":189,"column":36}}],"line":189},"16":{"loc":{"start":{"line":193,"column":4},"end":{"line":193,"column":null}},"type":"if","locations":[{"start":{"line":193,"column":4},"end":{"line":193,"column":null}},{"start":{},"end":{}}],"line":193},"17":{"loc":{"start":{"line":195,"column":4},"end":{"line":195,"column":null}},"type":"if","locations":[{"start":{"line":195,"column":4},"end":{"line":195,"column":null}},{"start":{},"end":{}}],"line":195},"18":{"loc":{"start":{"line":198,"column":4},"end":{"line":198,"column":null}},"type":"if","locations":[{"start":{"line":198,"column":4},"end":{"line":198,"column":null}},{"start":{},"end":{}}],"line":198},"19":{"loc":{"start":{"line":198,"column":49},"end":{"line":198,"column":null}},"type":"cond-expr","locations":[{"start":{"line":198,"column":62},"end":{"line":198,"column":72}},{"start":{"line":198,"column":72},"end":{"line":198,"column":null}}],"line":198},"20":{"loc":{"start":{"line":199,"column":4},"end":{"line":199,"column":null}},"type":"if","locations":[{"start":{"line":199,"column":4},"end":{"line":199,"column":null}},{"start":{},"end":{}}],"line":199},"21":{"loc":{"start":{"line":203,"column":4},"end":{"line":203,"column":null}},"type":"if","locations":[{"start":{"line":203,"column":4},"end":{"line":203,"column":null}},{"start":{},"end":{}}],"line":203},"22":{"loc":{"start":{"line":205,"column":4},"end":{"line":205,"column":null}},"type":"if","locations":[{"start":{"line":205,"column":4},"end":{"line":205,"column":null}},{"start":{},"end":{}}],"line":205},"23":{"loc":{"start":{"line":210,"column":4},"end":{"line":210,"column":null}},"type":"if","locations":[{"start":{"line":210,"column":4},"end":{"line":210,"column":null}},{"start":{},"end":{}}],"line":210},"24":{"loc":{"start":{"line":211,"column":4},"end":{"line":211,"column":null}},"type":"if","locations":[{"start":{"line":211,"column":4},"end":{"line":211,"column":null}},{"start":{},"end":{}}],"line":211},"25":{"loc":{"start":{"line":219,"column":4},"end":{"line":219,"column":null}},"type":"if","locations":[{"start":{"line":219,"column":4},"end":{"line":219,"column":null}},{"start":{},"end":{}}],"line":219},"26":{"loc":{"start":{"line":219,"column":8},"end":{"line":219,"column":40}},"type":"binary-expr","locations":[{"start":{"line":219,"column":8},"end":{"line":219,"column":26}},{"start":{"line":219,"column":26},"end":{"line":219,"column":40}}],"line":219},"27":{"loc":{"start":{"line":221,"column":19},"end":{"line":221,"column":null}},"type":"binary-expr","locations":[{"start":{"line":221,"column":19},"end":{"line":221,"column":47}},{"start":{"line":221,"column":47},"end":{"line":221,"column":null}}],"line":221},"28":{"loc":{"start":{"line":222,"column":19},"end":{"line":222,"column":null}},"type":"binary-expr","locations":[{"start":{"line":222,"column":19},"end":{"line":222,"column":47}},{"start":{"line":222,"column":47},"end":{"line":222,"column":null}}],"line":222},"29":{"loc":{"start":{"line":223,"column":19},"end":{"line":223,"column":null}},"type":"binary-expr","locations":[{"start":{"line":223,"column":19},"end":{"line":223,"column":47}},{"start":{"line":223,"column":47},"end":{"line":223,"column":null}}],"line":223},"30":{"loc":{"start":{"line":224,"column":24},"end":{"line":224,"column":null}},"type":"binary-expr","locations":[{"start":{"line":224,"column":24},"end":{"line":224,"column":57}},{"start":{"line":224,"column":57},"end":{"line":224,"column":null}}],"line":224},"31":{"loc":{"start":{"line":225,"column":25},"end":{"line":225,"column":null}},"type":"binary-expr","locations":[{"start":{"line":225,"column":25},"end":{"line":225,"column":59}},{"start":{"line":225,"column":59},"end":{"line":225,"column":null}}],"line":225},"32":{"loc":{"start":{"line":242,"column":4},"end":{"line":242,"column":null}},"type":"if","locations":[{"start":{"line":242,"column":4},"end":{"line":242,"column":null}},{"start":{},"end":{}}],"line":242},"33":{"loc":{"start":{"line":247,"column":4},"end":{"line":247,"column":null}},"type":"if","locations":[{"start":{"line":247,"column":4},"end":{"line":247,"column":null}},{"start":{},"end":{}}],"line":247},"34":{"loc":{"start":{"line":247,"column":8},"end":{"line":247,"column":43}},"type":"binary-expr","locations":[{"start":{"line":247,"column":8},"end":{"line":247,"column":27}},{"start":{"line":247,"column":27},"end":{"line":247,"column":43}}],"line":247},"35":{"loc":{"start":{"line":250,"column":6},"end":{"line":253,"column":null}},"type":"if","locations":[{"start":{"line":250,"column":6},"end":{"line":253,"column":null}},{"start":{},"end":{}}],"line":250},"36":{"loc":{"start":{"line":250,"column":10},"end":{"line":250,"column":40}},"type":"binary-expr","locations":[{"start":{"line":250,"column":10},"end":{"line":250,"column":27}},{"start":{"line":250,"column":27},"end":{"line":250,"column":40}}],"line":250},"37":{"loc":{"start":{"line":259,"column":4},"end":{"line":259,"column":null}},"type":"if","locations":[{"start":{"line":259,"column":4},"end":{"line":259,"column":null}},{"start":{},"end":{}}],"line":259},"38":{"loc":{"start":{"line":259,"column":8},"end":{"line":259,"column":73}},"type":"binary-expr","locations":[{"start":{"line":259,"column":8},"end":{"line":259,"column":26}},{"start":{"line":259,"column":26},"end":{"line":259,"column":44}},{"start":{"line":259,"column":44},"end":{"line":259,"column":59}},{"start":{"line":259,"column":59},"end":{"line":259,"column":73}}],"line":259},"39":{"loc":{"start":{"line":265,"column":6},"end":{"line":267,"column":null}},"type":"if","locations":[{"start":{"line":265,"column":6},"end":{"line":267,"column":null}},{"start":{},"end":{}}],"line":265}},"s":{"0":11,"1":8,"2":8,"3":8,"4":2,"5":6,"6":6,"7":8,"8":4,"9":1,"10":3,"11":3,"12":3,"13":0,"14":4,"15":4,"16":35,"17":35,"18":35,"19":35,"20":35,"21":35,"22":35,"23":35,"24":35,"25":35,"26":3,"27":5,"28":5,"29":1,"30":4,"31":4,"32":1,"33":1,"34":3,"35":3,"36":3,"37":3,"38":3,"39":3,"40":3,"41":3,"42":3,"43":3,"44":3,"45":3,"46":3,"47":3,"48":5,"49":5,"50":5,"51":5,"52":5,"53":5,"54":5,"55":5,"56":5,"57":1,"58":1,"59":1,"60":1,"61":1,"62":3,"63":3,"64":3,"65":6,"66":6,"67":6,"68":0,"69":0,"70":0,"71":0,"72":0,"73":4,"74":2,"75":2,"76":2,"77":0,"78":2,"79":2,"80":2,"81":2,"82":2,"83":0,"84":2,"85":2,"86":7,"87":3,"88":4,"89":4,"90":0,"91":4,"92":4,"93":5,"94":4,"95":4,"96":4,"97":1,"98":5,"99":2,"100":3,"101":3,"102":0,"103":3,"104":12,"105":2,"106":10,"107":4,"108":6,"109":3,"110":3,"111":5,"112":2,"113":3,"114":3,"115":5,"116":5,"117":5,"118":5,"119":5,"120":5,"121":5,"122":5,"123":5,"124":5,"125":3,"126":3,"127":0,"128":0,"129":3,"130":0,"131":3,"132":0,"133":0,"134":0,"135":0,"136":3,"137":3,"138":1,"139":2,"140":2,"141":2,"142":2,"143":2,"144":2,"145":1,"146":2,"147":1},"f":{"0":11,"1":8,"2":4,"3":3,"4":5,"5":6,"6":4,"7":0,"8":7,"9":5,"10":5,"11":12,"12":3,"13":5,"14":3,"15":0,"16":3,"17":0,"18":3},"b":{"0":[8,5],"1":[2,6],"2":[1,3],"3":[3,0],"4":[0,0],"5":[0,0],"6":[1,4],"7":[1,3],"8":[3,0],"9":[5,0],"10":[6,0],"11":[2,2],"12":[0,2],"13":[2,2],"14":[2,0],"15":[2,2],"16":[3,4],"17":[0,4],"18":[4,0],"19":[1,3],"20":[1,3],"21":[2,3],"22":[0,3],"23":[2,10],"24":[4,6],"25":[2,3],"26":[5,3],"27":[3,2],"28":[5,2],"29":[5,2],"30":[5,2],"31":[5,2],"32":[3,0],"33":[0,3],"34":[3,3],"35":[0,0],"36":[0,0],"37":[1,2],"38":[3,3,2,2],"39":[1,1]},"meta":{"lastBranch":40,"lastFunction":19,"lastStatement":148,"seen":{"f:18:16:18:Infinity":0,"s:25:2:30:Infinity":0,"f:38:16:38:29":1,"s:39:17:39:Infinity":1,"b:39:17:39:26:39:26:39:Infinity":0,"s:40:14:40:Infinity":2,"b:41:2:41:Infinity:undefined:undefined:undefined:undefined":1,"s:41:2:41:Infinity":3,"s:41:12:41:Infinity":4,"s:42:14:42:Infinity":5,"s:43:2:43:Infinity":6,"s:44:2:44:Infinity":7,"f:57:16:57:31":2,"b:58:2:58:Infinity:undefined:undefined:undefined:undefined":2,"s:58:2:58:Infinity":8,"s:58:39:58:Infinity":9,"s:59:17:59:Infinity":10,"b:60:2:60:Infinity:undefined:undefined:undefined:undefined":3,"s:60:2:60:Infinity":11,"s:60:15:60:Infinity":12,"s:61:19:61:Infinity":13,"b:61:30:61:64:61:64:61:66":4,"s:62:14:62:Infinity":14,"s:64:2:64:Infinity":15,"b:64:19:64:29:64:29:64:Infinity":5,"s:85:45:85:Infinity":16,"s:86:43:86:Infinity":17,"s:87:46:87:Infinity":18,"s:88:32:88:Infinity":19,"s:89:49:89:Infinity":20,"s:90:47:90:Infinity":21,"s:91:50:91:Infinity":22,"s:92:33:92:Infinity":23,"s:93:42:93:Infinity":24,"s:94:22:94:Infinity":25,"f:96:6:96:29":3,"s:97:4:97:Infinity":26,"f:100:2:100:18":4,"s:101:4:101:Infinity":27,"b:102:4:102:Infinity:undefined:undefined:undefined:undefined":6,"s:102:4:102:Infinity":28,"s:102:24:102:Infinity":29,"s:104:18:104:Infinity":30,"b:105:4:110:Infinity:undefined:undefined:undefined:undefined":7,"s:105:4:110:Infinity":31,"s:106:6:108:Infinity":32,"s:109:6:109:Infinity":33,"s:113:22:113:Infinity":34,"s:114:4:114:Infinity":35,"s:115:4:115:Infinity":36,"s:116:4:116:Infinity":37,"s:117:4:117:Infinity":38,"s:118:4:118:Infinity":39,"s:121:19:121:Infinity":40,"s:122:4:122:Infinity":41,"s:123:4:123:Infinity":42,"s:124:4:124:Infinity":43,"s:125:4:125:Infinity":44,"s:126:4:126:Infinity":45,"s:127:4:127:Infinity":46,"s:128:4:128:Infinity":47,"b:128:19:128:44:128:44:128:Infinity":8,"s:129:4:129:Infinity":48,"b:129:20:129:46:129:46:129:Infinity":9,"s:130:4:130:Infinity":49,"s:131:4:131:Infinity":50,"s:134:4:138:Infinity":51,"s:139:4:139:Infinity":52,"s:140:4:140:Infinity":53,"s:141:4:148:Infinity":54,"s:150:4:150:Infinity":55,"s:153:4:159:Infinity":56,"s:154:20:154:Infinity":57,"s:155:6:155:Infinity":58,"s:156:6:156:Infinity":59,"s:157:6:157:Infinity":60,"s:158:6:158:Infinity":61,"s:160:4:160:Infinity":62,"s:161:4:161:Infinity":63,"s:163:4:163:Infinity":64,"f:166:2:166:11":5,"b:167:4:171:Infinity:undefined:undefined:undefined:undefined":10,"s:167:4:171:Infinity":65,"s:169:6:169:Infinity":66,"s:170:6:170:Infinity":67,"s:173:18:173:Infinity":68,"s:174:4:174:Infinity":69,"s:175:4:175:Infinity":70,"s:176:4:176:Infinity":71,"s:177:4:177:Infinity":72,"f:180:2:180:13":6,"b:181:4:181:Infinity:undefined:undefined:undefined:undefined":11,"s:181:4:181:Infinity":73,"s:181:24:181:Infinity":74,"s:182:18:182:Infinity":75,"b:183:4:183:Infinity:undefined:undefined:undefined:undefined":12,"s:183:4:183:Infinity":76,"b:183:8:183:18:183:18:183:31":13,"s:183:31:183:Infinity":77,"s:184:18:184:Infinity":78,"s:185:4:185:Infinity":79,"s:186:4:186:Infinity":80,"s:187:4:187:Infinity":81,"s:188:23:188:Infinity":82,"f:188:54:188:55":7,"s:188:61:188:76":83,"b:189:4:189:Infinity:undefined:undefined:undefined:undefined":14,"s:189:4:189:Infinity":84,"b:189:8:189:23:189:23:189:36":15,"s:189:36:189:Infinity":85,"f:192:2:192:13":8,"b:193:4:193:Infinity:undefined:undefined:undefined:undefined":16,"s:193:4:193:Infinity":86,"s:193:24:193:Infinity":87,"s:194:18:194:Infinity":88,"b:195:4:195:Infinity:undefined:undefined:undefined:undefined":17,"s:195:4:195:Infinity":89,"s:195:16:195:Infinity":90,"s:196:4:196:Infinity":91,"s:197:23:197:Infinity":92,"f:197:54:197:55":9,"s:197:61:197:76":93,"b:198:4:198:Infinity:undefined:undefined:undefined:undefined":18,"s:198:4:198:Infinity":94,"s:198:21:198:Infinity":95,"b:198:62:198:72:198:72:198:Infinity":19,"b:199:4:199:Infinity:undefined:undefined:undefined:undefined":20,"s:199:4:199:Infinity":96,"s:199:17:199:Infinity":97,"f:202:2:202:13":10,"b:203:4:203:Infinity:undefined:undefined:undefined:undefined":21,"s:203:4:203:Infinity":98,"s:203:24:203:Infinity":99,"s:204:18:204:Infinity":100,"b:205:4:205:Infinity:undefined:undefined:undefined:undefined":22,"s:205:4:205:Infinity":101,"s:205:16:205:Infinity":102,"s:206:4:206:Infinity":103,"f:209:2:209:24":11,"b:210:4:210:Infinity:undefined:undefined:undefined:undefined":23,"s:210:4:210:Infinity":104,"s:210:24:210:Infinity":105,"b:211:4:211:Infinity:undefined:undefined:undefined:undefined":24,"s:211:4:211:Infinity":106,"s:211:29:211:Infinity":107,"s:212:4:215:Infinity":108,"f:212:39:212:45":12,"s:213:6:213:Infinity":109,"s:214:6:214:Infinity":110,"f:218:2:218:24":13,"b:219:4:219:Infinity:undefined:undefined:undefined:undefined":25,"s:219:4:219:Infinity":111,"b:219:8:219:26:219:26:219:40":26,"s:219:40:219:Infinity":112,"s:220:19:220:Infinity":113,"s:221:19:221:Infinity":114,"b:221:19:221:47:221:47:221:Infinity":27,"s:222:19:222:Infinity":115,"b:222:19:222:47:222:47:222:Infinity":28,"s:223:19:223:Infinity":116,"b:223:19:223:47:223:47:223:Infinity":29,"s:224:24:224:Infinity":117,"b:224:24:224:57:224:57:224:Infinity":30,"s:225:25:225:Infinity":118,"b:225:25:225:59:225:59:225:Infinity":31,"s:226:19:232:Infinity":119,"s:233:4:233:Infinity":120,"s:234:4:234:Infinity":121,"s:235:4:235:Infinity":122,"s:236:4:236:Infinity":123,"s:237:4:237:Infinity":124,"f:240:10:240:34":14,"b:242:4:242:Infinity:undefined:undefined:undefined:undefined":32,"s:242:4:242:Infinity":125,"s:242:60:242:Infinity":126,"s:243:5:243:Infinity":127,"f:243:49:243:55":15,"s:243:55:243:75":128,"f:246:10:246:32":16,"b:247:4:247:Infinity:undefined:undefined:undefined:undefined":33,"s:247:4:247:Infinity":129,"b:247:8:247:27:247:27:247:43":34,"s:247:43:247:Infinity":130,"s:248:4:254:Infinity":131,"f:248:45:248:46":17,"s:249:32:249:Infinity":132,"b:250:6:253:Infinity:undefined:undefined:undefined:undefined":35,"s:250:6:253:Infinity":133,"b:250:10:250:27:250:27:250:40":36,"s:251:8:251:Infinity":134,"s:252:8:252:Infinity":135,"s:255:4:255:Infinity":136,"f:258:10:258:25":18,"b:259:4:259:Infinity:undefined:undefined:undefined:undefined":37,"s:259:4:259:Infinity":137,"b:259:8:259:26:259:26:259:44:259:44:259:59:259:59:259:73":38,"s:259:73:259:Infinity":138,"s:260:21:260:Infinity":139,"s:261:18:261:Infinity":140,"s:262:19:262:Infinity":141,"s:263:4:263:Infinity":142,"s:264:4:268:Infinity":143,"b:265:6:267:Infinity:undefined:undefined:undefined:undefined":39,"s:265:6:267:Infinity":144,"s:266:8:266:Infinity":145,"s:269:4:269:Infinity":146,"s:276:0:276:Infinity":147}}}
}
